Using pre-set license
Built from '2020.3/staging' branch; Version is '2020.3.18f1 (a7d1c678663c) revision 10998214'; Using compiler version '192528614'; Build Type 'Release'
OS: 'Windows 10 Enterprise; OS build 19041.329; Version 2004; 64bit' Language: 'en' Physical Memory: 16242 MB
BatchMode: 1, IsHumanControllingUs: 0, StartBugReporterOnCrash: 0, Is64bit: 1, IsPro: 0

COMMAND LINE ARGUMENTS:
C:\Program Files\Unity\Hub\Editor\2020.3.18f1\Editor\Unity.exe
-adb2
-batchMode
-noUpm
-name
AssetImportWorker0
-projectPath
C:/Users/24striw/OneDrive - Elida Local School District/Game design/WS_CwVR
-logFile
Logs/AssetImportWorker0.log
-srvPort
57416
Successfully changed project path to: C:/Users/24striw/OneDrive - Elida Local School District/Game design/WS_CwVR
C:/Users/24striw/OneDrive - Elida Local School District/Game design/WS_CwVR
Using Asset Import Pipeline V2.
Refreshing native plugins compatible for Editor in 76.70 ms, found 10 plugins.
Preloading 1 native plugins for Editor in 1.08 ms.
Initialize engine version: 2020.3.18f1 (a7d1c678663c)
[Subsystems] Discovering subsystems at path C:/Program Files/Unity/Hub/Editor/2020.3.18f1/Editor/Data/Resources/UnitySubsystems
[Subsystems] Discovering subsystems at path C:/Users/24striw/OneDrive - Elida Local School District/Game design/WS_CwVR/Assets
GfxDevice: creating device client; threaded=0
Direct3D:
    Version:  Direct3D 11.0 [level 11.1]
    Renderer: NVIDIA GeForce GTX 1050 Ti (ID=0x1c82)
    Vendor:   
    VRAM:     4018 MB
    Driver:   27.21.14.6192
Initialize mono
Mono path[0] = 'C:/Program Files/Unity/Hub/Editor/2020.3.18f1/Editor/Data/Managed'
Mono path[1] = 'C:/Program Files/Unity/Hub/Editor/2020.3.18f1/Editor/Data/MonoBleedingEdge/lib/mono/unityjit'
Mono config path = 'C:/Program Files/Unity/Hub/Editor/2020.3.18f1/Editor/Data/MonoBleedingEdge/etc'
Using monoOptions --debugger-agent=transport=dt_socket,embedding=1,server=y,suspend=n,address=127.0.0.1:56768
Begin MonoManager ReloadAssembly
Registering precompiled unity dll's ...
Register platform support module: C:/Program Files/Unity/Hub/Editor/2020.3.18f1/Editor/Data/PlaybackEngines/WebGLSupport/UnityEditor.WebGL.Extensions.dll
Register platform support module: C:/Program Files/Unity/Hub/Editor/2020.3.18f1/Editor/Data/PlaybackEngines/WindowsStandaloneSupport/UnityEditor.WindowsStandalone.Extensions.dll
Registered in 0.002731 seconds.
Native extension for WindowsStandalone target not found
Native extension for WebGL target not found
Refreshing native plugins compatible for Editor in 64.35 ms, found 10 plugins.
Preloading 1 native plugins for Editor in 0.08 ms.
Mono: successfully reloaded assembly
- Completed reload, in  1.287 seconds
Domain Reload Profiling:
	ReloadAssembly (1287ms)
		BeginReloadAssembly (51ms)
			ExecutionOrderSort (0ms)
			DisableScriptedObjects (0ms)
			BackupInstance (0ms)
			ReleaseScriptingObjects (0ms)
			CreateAndSetChildDomain (1ms)
		EndReloadAssembly (415ms)
			LoadAssemblies (49ms)
			RebuildTransferFunctionScriptingTraits (0ms)
			SetupTypeCache (142ms)
			ReleaseScriptCaches (0ms)
			RebuildScriptCaches (29ms)
			SetupLoadedEditorAssemblies (175ms)
				LogAssemblyErrors (0ms)
				InitializePlatformSupportModulesInManaged (5ms)
				SetLoadedEditorAssemblies (0ms)
				RefreshPlugins (65ms)
				BeforeProcessingInitializeOnLoad (8ms)
				ProcessInitializeOnLoadAttributes (71ms)
				ProcessInitializeOnLoadMethodAttributes (27ms)
				AfterProcessingInitializeOnLoad (0ms)
				EditorAssembliesLoaded (0ms)
			ExecutionOrderSort2 (0ms)
			AwakeInstancesAfterBackupRestoration (0ms)
Platform modules already initialized, skipping
Registering precompiled user dll's ...
Registered in 0.009288 seconds.
Begin MonoManager ReloadAssembly
Native extension for WindowsStandalone target not found
Native extension for WebGL target not found
Refreshing native plugins compatible for Editor in 61.89 ms, found 10 plugins.
Preloading 1 native plugins for Editor in 0.08 ms.
[XR] OculusXRPlugin: registering subsystems
[XR] Unable to register display lifecyle provider: [1]
[XR] Oculus Input lifecycle provider registered.
[XR] Unable to register input lifecyle provider: [1]
System.Reflection.TargetInvocationException: Exception has been thrown by the target of an invocation. ---> System.NullReferenceException: Object reference not set to an instance of an object
  at Unity.XR.Oculus.OculusLoader.AssetPathToAbsolutePath (System.String assetPath) [0x00048] in C:\Users\24striw\OneDrive - Elida Local School District\Game design\WS_CwVR\Library\PackageCache\com.unity.xr.oculus@1.10.0\Runtime\OculusLoader.cs:250 
  at Unity.XR.Oculus.OculusLoader.EditorLoadOVRPlugin () [0x0007b] in C:\Users\24striw\OneDrive - Elida Local School District\Game design\WS_CwVR\Library\PackageCache\com.unity.xr.oculus@1.10.0\Runtime\OculusLoader.cs:235 
  at (wrapper managed-to-native) System.Reflection.MonoMethod.InternalInvoke(System.Reflection.MonoMethod,object,object[],System.Exception&)
  at System.Reflection.MonoMethod.Invoke (System.Object obj, System.Reflection.BindingFlags invokeAttr, System.Reflection.Binder binder, System.Object[] parameters, System.Globalization.CultureInfo culture) [0x00032] in <695d1cc93cca45069c528c15c9fdd749>:0 
   --- End of inner exception stack trace ---
  at System.Reflection.MonoMethod.Invoke (System.Object obj, System.Reflection.BindingFlags invokeAttr, System.Reflection.Binder binder, System.Object[] parameters, System.Globalization.CultureInfo culture) [0x00048] in <695d1cc93cca45069c528c15c9fdd749>:0 
  at System.Reflection.MethodBase.Invoke (System.Object obj, System.Object[] parameters) [0x00000] in <695d1cc93cca45069c528c15c9fdd749>:0 
  at UnityEditor.EditorAssemblies.ProcessInitializeOnLoadMethodAttributes () [0x00047] in <5ad584e208e14caaa9e6b2e6027e9204>:0 
UnityEngine.StackTraceUtility:ExtractStackTrace ()
UnityEngine.DebugLogHandler:LogFormat (UnityEngine.LogType,UnityEngine.Object,string,object[])
UnityEngine.Logger:Log (UnityEngine.LogType,object)
UnityEngine.Debug:LogError (object)
UnityEditor.EditorAssemblies:ProcessInitializeOnLoadMethodAttributes ()

Mono: successfully reloaded assembly
- Completed reload, in  1.308 seconds
Domain Reload Profiling:
	ReloadAssembly (1309ms)
		BeginReloadAssembly (142ms)
			ExecutionOrderSort (0ms)
			DisableScriptedObjects (4ms)
			BackupInstance (0ms)
			ReleaseScriptingObjects (0ms)
			CreateAndSetChildDomain (18ms)
		EndReloadAssembly (1106ms)
			LoadAssemblies (93ms)
			RebuildTransferFunctionScriptingTraits (0ms)
			SetupTypeCache (295ms)
			ReleaseScriptCaches (1ms)
			RebuildScriptCaches (54ms)
			SetupLoadedEditorAssemblies (545ms)
				LogAssemblyErrors (0ms)
				InitializePlatformSupportModulesInManaged (7ms)
				SetLoadedEditorAssemblies (0ms)
				RefreshPlugins (62ms)
				BeforeProcessingInitializeOnLoad (84ms)
				ProcessInitializeOnLoadAttributes (371ms)
				ProcessInitializeOnLoadMethodAttributes (14ms)
				AfterProcessingInitializeOnLoad (7ms)
				EditorAssembliesLoaded (0ms)
			ExecutionOrderSort2 (0ms)
			AwakeInstancesAfterBackupRestoration (5ms)
Platform modules already initialized, skipping
========================================================================
Worker process is ready to serve import requests
Launched and connected shader compiler UnityShaderCompiler.exe after 0.07 seconds
Refreshing native plugins compatible for Editor in 0.81 ms, found 10 plugins.
Preloading 1 native plugins for Editor in 0.08 ms.
Unloading 3389 Unused Serialized files (Serialized files now loaded: 0)
System memory in use before: 151.6 MB.
System memory in use after: 151.8 MB.

Unloading 38 unused Assets to reduce memory usage. Loaded Objects now: 3831.
Total: 3.408600 ms (FindLiveObjects: 0.294900 ms CreateObjectMapping: 0.143200 ms MarkObjects: 2.857300 ms  DeleteObjects: 0.112400 ms)

AssetImportParameters requested are different than current active one (requested -> active):
  custom:framework-win-MediaFoundation: 216162199b28c13a410421893ffa2e32 -> 
  custom:video-decoder-ogg-theora: a1e56fd34408186e4bbccfd4996cb3dc -> 
  custom:container-muxer-webm: aa71ff27fc2769a1b78a27578f13a17b -> 
  custom:container-demuxer-webm: 4f35f7cbe854078d1ac9338744f61a02 -> 
  custom:container-demuxer-ogg: 62fdf1f143b41e24485cea50d1cbac27 -> 
  custom:video-encoder-webm-vp8: eb34c28f22e8b96e1ab97ce403110664 -> 
  custom:video-decoder-webm-vp8: 9c59270c3fd7afecdb556c50c9e8de78 -> 
  custom:audio-decoder-ogg-vorbis: bf7c407c2cedff20999df2af8eb42d56 -> 
  custom:audio-encoder-webm-vorbis: bf7c407c2cedff20999df2af8eb42d56 -> 
========================================================================
Received Import Request.
  path: Assets/_Course Library/Textures/StoneWall_Texture.jpg
  artifactKey: Guid(d5f3743f553fe1349a6203a70f7bbe1e) Importer(815301076,1909f56bfc062723c751e8b465ee728b)
Start importing Assets/_Course Library/Textures/StoneWall_Texture.jpg using Guid(d5f3743f553fe1349a6203a70f7bbe1e) Importer(815301076,1909f56bfc062723c751e8b465ee728b)  -> (artifact id: 'e5d4a3c6d59b03780311dbfe9710b1ed') in 0.315049 seconds 
  Import took 0.321895 seconds .

========================================================================
Received Import Request.
  Time since last request: 0.000306 seconds.
  path: Assets/_Course Library/Textures/Mirror_Texture_Brown.renderTexture
  artifactKey: Guid(7728fcccb7eeb4c7294266bf1e09e250) Importer(815301076,1909f56bfc062723c751e8b465ee728b)
Start importing Assets/_Course Library/Textures/Mirror_Texture_Brown.renderTexture using Guid(7728fcccb7eeb4c7294266bf1e09e250) Importer(815301076,1909f56bfc062723c751e8b465ee728b)  -> (artifact id: '014de70c4adaa8d790edde2f76ae4ca5') in 0.120740 seconds 
  Import took 0.128075 seconds .

========================================================================
Received Import Request.
  Time since last request: 628.531056 seconds.
  path: Assets
  artifactKey: Guid(00000000000000001000000000000000) Importer(815301076,1909f56bfc062723c751e8b465ee728b)
Start importing Assets using Guid(00000000000000001000000000000000) Importer(815301076,1909f56bfc062723c751e8b465ee728b)  -> (artifact id: '619de1369dc352f767f35e179b779cae') in 0.022872 seconds 
  Import took 0.030770 seconds .

========================================================================
Received Import Request.
  Time since last request: 29.263579 seconds.
  path: Assets/vr gaming project
  artifactKey: Guid(d909ba43e41f35845b56d0990e9d10c5) Importer(815301076,1909f56bfc062723c751e8b465ee728b)
Start importing Assets/vr gaming project using Guid(d909ba43e41f35845b56d0990e9d10c5) Importer(815301076,1909f56bfc062723c751e8b465ee728b)  -> (artifact id: '45826acdb7c3d2a737ed1d1af0cc6977') in 0.006762 seconds 
  Import took 0.014779 seconds .

========================================================================
Received Import Request.
  Time since last request: 26.148875 seconds.
  path: Assets/vr gaming project/golf-wedge-iron.zip
  artifactKey: Guid(ba51c11e78d2d3048906c1002a4f7d02) Importer(815301076,1909f56bfc062723c751e8b465ee728b)
Start importing Assets/vr gaming project/golf-wedge-iron.zip using Guid(ba51c11e78d2d3048906c1002a4f7d02) Importer(815301076,1909f56bfc062723c751e8b465ee728b)  -> (artifact id: '91cc86e32c72d8b67c0ed1e1dda6c75a') in 0.012323 seconds 
  Import took 0.020408 seconds .

========================================================================
Received Import Request.
  Time since last request: 118.557484 seconds.
  path: Assets/vr gaming project/golf-wedge-iron
  artifactKey: Guid(189350b14fe84bb4997f9c16ea944b3d) Importer(815301076,1909f56bfc062723c751e8b465ee728b)
Start importing Assets/vr gaming project/golf-wedge-iron using Guid(189350b14fe84bb4997f9c16ea944b3d) Importer(815301076,1909f56bfc062723c751e8b465ee728b)  -> (artifact id: '7c297077f7cc02e4232eab02100756f8') in 0.003760 seconds 
  Import took 0.011515 seconds .

========================================================================
Received Import Request.
  Time since last request: 0.820421 seconds.
  path: Assets/vr gaming project/golf-wedge-iron/source
  artifactKey: Guid(79618b48a24c5844989a5951fe01ff5c) Importer(815301076,1909f56bfc062723c751e8b465ee728b)
Start importing Assets/vr gaming project/golf-wedge-iron/source using Guid(79618b48a24c5844989a5951fe01ff5c) Importer(815301076,1909f56bfc062723c751e8b465ee728b)  -> (artifact id: '7ff18f0cad5c67f3eab2f4b9cc5aa158') in 0.007488 seconds 
  Import took 0.014249 seconds .

========================================================================
Received Import Request.
  Time since last request: 0.064490 seconds.
  path: Assets/vr gaming project/golf-wedge-iron/source/Wedge1.fbx
  artifactKey: Guid(83ea41d856bb2e04aae7cde73e4d927f) Importer(815301076,1909f56bfc062723c751e8b465ee728b)
Start importing Assets/vr gaming project/golf-wedge-iron/source/Wedge1.fbx using Guid(83ea41d856bb2e04aae7cde73e4d927f) Importer(815301076,1909f56bfc062723c751e8b465ee728b)  -> (artifact id: 'c90c0dad4388cd1181bea76139d43ca6') in 0.491711 seconds 
  Import took 0.499805 seconds .

========================================================================
Received Import Request.
  Time since last request: 352.170488 seconds.
  path: Assets/vr gaming project/golf-wedge-iron/source/mini-golf-windmill.fbx
  artifactKey: Guid(4335a42bb8faaa448901e430b73c8f4a) Importer(815301076,1909f56bfc062723c751e8b465ee728b)
Start importing Assets/vr gaming project/golf-wedge-iron/source/mini-golf-windmill.fbx using Guid(4335a42bb8faaa448901e430b73c8f4a) Importer(815301076,1909f56bfc062723c751e8b465ee728b)  -> (artifact id: '4aff516c6ab459ffe03e7d03b2a74cb7') in 0.104887 seconds 
  Import took 0.114161 seconds .

